Determining if the pthread_create exist failed with the following output:
Change Dir: /home/ros/neo_ws/build/CMakeFiles/CMakeTmp

Run Build Command:"/usr/bin/make" "cmTC_fea0b/fast"
/usr/bin/make -f CMakeFiles/cmTC_fea0b.dir/build.make CMakeFiles/cmTC_fea0b.dir/build
make[1]: Entering directory '/home/ros/neo_ws/build/CMakeFiles/CMakeTmp'
Building C object CMakeFiles/cmTC_fea0b.dir/CheckSymbolExists.c.o
/usr/bin/cc    -o CMakeFiles/cmTC_fea0b.dir/CheckSymbolExists.c.o   -c /home/ros/neo_ws/build/CMakeFiles/CMakeTmp/CheckSymbolExists.c
Linking C executable cmTC_fea0b
/usr/bin/cmake -E cmake_link_script CMakeFiles/cmTC_fea0b.dir/link.txt --verbose=1
/usr/bin/cc      -rdynamic CMakeFiles/cmTC_fea0b.dir/CheckSymbolExists.c.o  -o cmTC_fea0b 
CMakeFiles/cmTC_fea0b.dir/CheckSymbolExists.c.o: In function `main':
CheckSymbolExists.c:(.text+0x1b): undefined reference to `pthread_create'
collect2: error: ld returned 1 exit status
CMakeFiles/cmTC_fea0b.dir/build.make:97: recipe for target 'cmTC_fea0b' failed
make[1]: *** [cmTC_fea0b] Error 1
make[1]: Leaving directory '/home/ros/neo_ws/build/CMakeFiles/CMakeTmp'
Makefile:126: recipe for target 'cmTC_fea0b/fast' failed
make: *** [cmTC_fea0b/fast] Error 2

File /home/ros/neo_ws/build/CMakeFiles/CMakeTmp/CheckSymbolExists.c:
/* */
#include <pthread.h>

int main(int argc, char** argv)
{
  (void)argv;
#ifndef pthread_create
  return ((int*)(&pthread_create))[argc];
#else
  (void)argc;
  return 0;
#endif
}

Determining if the function pthread_create exists in the pthreads failed with the following output:
Change Dir: /home/ros/neo_ws/build/CMakeFiles/CMakeTmp

Run Build Command:"/usr/bin/make" "cmTC_260b3/fast"
/usr/bin/make -f CMakeFiles/cmTC_260b3.dir/build.make CMakeFiles/cmTC_260b3.dir/build
make[1]: Entering directory '/home/ros/neo_ws/build/CMakeFiles/CMakeTmp'
Building C object CMakeFiles/cmTC_260b3.dir/CheckFunctionExists.c.o
/usr/bin/cc   -DCHECK_FUNCTION_EXISTS=pthread_create   -o CMakeFiles/cmTC_260b3.dir/CheckFunctionExists.c.o   -c /usr/share/cmake-3.10/Modules/CheckFunctionExists.c
Linking C executable cmTC_260b3
/usr/bin/cmake -E cmake_link_script CMakeFiles/cmTC_260b3.dir/link.txt --verbose=1
/usr/bin/cc  -DCHECK_FUNCTION_EXISTS=pthread_create    -rdynamic CMakeFiles/cmTC_260b3.dir/CheckFunctionExists.c.o  -o cmTC_260b3 -lpthreads 
/usr/bin/ld: cannot find -lpthreads
collect2: error: ld returned 1 exit status
CMakeFiles/cmTC_260b3.dir/build.make:97: recipe for target 'cmTC_260b3' failed
make[1]: *** [cmTC_260b3] Error 1
make[1]: Leaving directory '/home/ros/neo_ws/build/CMakeFiles/CMakeTmp'
Makefile:126: recipe for target 'cmTC_260b3/fast' failed
make: *** [cmTC_260b3/fast] Error 2


